#
# There is insufficient memory for the Java Runtime Environment to continue.
# Native memory allocation (mmap) failed to map 234881024 bytes. Error detail: G1 virtual space
# Possible reasons:
#   The system is out of physical RAM or swap space
#   This process is running with CompressedOops enabled, and the Java Heap may be blocking the growth of the native heap
# Possible solutions:
#   Reduce memory load on the system
#   Increase physical memory or swap space
#   Check if swap backing store is full
#   Decrease Java heap size (-Xmx/-Xms)
#   Decrease number of Java threads
#   Decrease Java thread stack sizes (-Xss)
#   Set larger code cache with -XX:ReservedCodeCacheSize=
#   JVM is running with Zero Based Compressed Oops mode in which the Java heap is
#     placed in the first 32GB address space. The Java Heap base address is the
#     maximum limit for the native heap growth. Please use -XX:HeapBaseMinAddress
#     to set the Java Heap base and to place the Java Heap above 32GB virtual address.
# This output file may be truncated or incomplete.
#
#  Out of Memory Error (os_windows.cpp:3713), pid=26500, tid=17056
#
# JRE version:  (21.0.8+9) (build )
# Java VM: OpenJDK 64-Bit Server VM (21.0.8+9-LTS, mixed mode, sharing, tiered, compressed oops, compressed class ptrs, g1 gc, windows-amd64)
# No core dump will be written. Minidumps are not enabled by default on client versions of Windows
#

---------------  S U M M A R Y ------------

Command Line: --enable-native-access=ALL-UNNAMED 

Host: AMD Ryzen 5 PRO 3500U w/ Radeon Vega Mobile Gfx, 8 cores, 13G,  Windows 11 , 64 bit Build 26100 (10.0.26100.7920)
Time: Sun Apr  5 12:47:57 2026 India Standard Time elapsed time: 0.022435 seconds (0d 0h 0m 0s)

---------------  T H R E A D  ---------------

Current thread (0x0000016dd5db36a0):  JavaThread "Unknown thread" [_thread_in_vm, id=17056, stack(0x00000050b2d00000,0x00000050b2e00000) (1024K)]

Stack: [0x00000050b2d00000,0x00000050b2e00000]
Native frames: (J=compiled Java code, j=interpreted, Vv=VM code, C=native code)
V  [jvm.dll+0x6d2449]
V  [jvm.dll+0x8ae341]
V  [jvm.dll+0x8b08be]
V  [jvm.dll+0x8b0fa3]
V  [jvm.dll+0x280c96]
V  [jvm.dll+0x6cec15]
V  [jvm.dll+0x6c2c3a]
V  [jvm.dll+0x35867a]
V  [jvm.dll+0x360246]
V  [jvm.dll+0x3b1f9e]
V  [jvm.dll+0x3b2248]
V  [jvm.dll+0x32c8fc]
V  [jvm.dll+0x32d45b]
V  [jvm.dll+0x8775d9]
V  [jvm.dll+0x3bed71]
V  [jvm.dll+0x8605d3]
V  [jvm.dll+0x4530ee]
V  [jvm.dll+0x454d31]
C  [jli.dll+0x5278]
C  [ucrtbase.dll+0x37b0]
C  [KERNEL32.DLL+0x2e8d7]
C  [ntdll.dll+0x8c48c]


---------------  P R O C E S S  ---------------

Threads class SMR info:
_java_thread_list=0x00007fff48ed11c8, length=0, elements={
}

Java Threads: ( => current thread )
Total: 0

Other Threads:
  0x0000016dd5e0c820 WorkerThread "GC Thread#0"                     [id=20288, stack(0x00000050b2e00000,0x00000050b2f00000) (1024K)]
  0x0000016dd5e1d340 ConcurrentGCThread "G1 Main Marker"            [id=1764, stack(0x00000050b2f00000,0x00000050b3000000) (1024K)]
  0x0000016dd5e1e810 WorkerThread "G1 Conc#0"                       [id=13456, stack(0x00000050b3000000,0x00000050b3100000) (1024K)]

[error occurred during error reporting (printing all threads), id 0xc0000005, EXCEPTION_ACCESS_VIOLATION (0xc0000005) at pc=0x00007fff485cf137]
VM state: not at safepoint (not fully initialized)

VM Mutex/Monitor currently owned by a thread:  ([mutex/lock_event])
[0x00007fff48f45558] Heap_lock - owner thread: 0x0000016dd5db36a0

Heap address: 0x0000000721800000, size: 3560 MB, Compressed Oops mode: Zero based, Oop shift amount: 3

CDS archive(s) mapped at: [0x0000000000000000-0x0000000000000000-0x0000000000000000), size 0, SharedBaseAddress: 0x0000000800000000, ArchiveRelocationMode: 1.
Narrow klass base: 0x0000000000000000, Narrow klass shift: 0, Narrow klass range: 0x0

GC Precious Log:
 CardTable entry size: 512
 Card Set container configuration: InlinePtr #cards 4 size 8 Array Of Cards #cards 16 size 48 Howl #buckets 8 coarsen threshold 3686 Howl Bitmap #cards 512 size 80 coarsen threshold 460 Card regions per heap region 1 cards per card region 4096

Heap:
 garbage-first heap   total 0K, used 0K [0x0000000721800000, 0x0000000800000000)
  region size 2048K, 0 young (0K), 0 survivors (0K)

[error occurred during error reporting (printing heap information), id 0xc0000005, EXCEPTION_ACCESS_VIOLATION (0xc0000005) at pc=0x00007fff489bbba9]
GC Heap History (0 events):
No events

Dll operation events (1 events):
Event: 0.013 Loaded shared library C:\Program Files\Eclipse Adoptium\jdk-21.0.8.9-hotspot\bin\java.dll

Deoptimization events (0 events):
No events

Classes loaded (0 events):
No events

Classes unloaded (0 events):
No events

Classes redefined (0 events):
No events

Internal exceptions (0 events):
No events

ZGC Phase Switch (0 events):
No events

VM Operations (0 events):
No events

Memory protections (0 events):
No events

Nmethod flushes (0 events):
No events

Events (0 events):
No events


Dynamic libraries:
0x00007ff601dc0000 - 0x00007ff601dce000 	C:\Program Files\Eclipse Adoptium\jdk-21.0.8.9-hotspot\bin\java.exe
0x00007fff98a20000 - 0x00007fff98c87000 	C:\Windows\SYSTEM32\ntdll.dll
0x00007fff981a0000 - 0x00007fff98269000 	C:\Windows\System32\KERNEL32.DLL
0x00007fff96000000 - 0x00007fff963f1000 	C:\Windows\System32\KERNELBASE.dll
0x00007fff47600000 - 0x00007fff4769f000 	c:\Users\Pcc\AppData\Local\Programs\Trae\resources\app\modules\sandbox\x64\trae_sbox.dll
0x00007fff97b60000 - 0x00007fff97c1b000 	C:\Windows\System32\ADVAPI32.dll
0x00007fff97960000 - 0x00007fff97a09000 	C:\Windows\System32\msvcrt.dll
0x00007fff96950000 - 0x00007fff969f7000 	C:\Windows\System32\sechost.dll
0x00007fff96ed0000 - 0x00007fff96fe8000 	C:\Windows\System32\RPCRT4.dll
0x00007fff95eb0000 - 0x00007fff95ffb000 	C:\Windows\System32\ucrtbase.dll
0x00007fff8bf70000 - 0x00007fff8bf8e000 	C:\Program Files\Eclipse Adoptium\jdk-21.0.8.9-hotspot\bin\VCRUNTIME140.dll
0x00007fff90440000 - 0x00007fff90458000 	C:\Program Files\Eclipse Adoptium\jdk-21.0.8.9-hotspot\bin\jli.dll
0x00007fff97d20000 - 0x00007fff97ee5000 	C:\Windows\System32\USER32.dll
0x00007fff964b0000 - 0x00007fff964d7000 	C:\Windows\System32\win32u.dll
0x00007fff7ec20000 - 0x00007fff7eeb3000 	C:\Windows\WinSxS\amd64_microsoft.windows.common-controls_6595b64144ccf1df_6.0.26100.8037_none_3e092faae333b53b\COMCTL32.dll
0x00007fff96a00000 - 0x00007fff96a2b000 	C:\Windows\System32\GDI32.dll
0x00007fff95c00000 - 0x00007fff95d2b000 	C:\Windows\System32\gdi32full.dll
0x00007fff96400000 - 0x00007fff964a3000 	C:\Windows\System32\msvcp_win.dll
0x00007fff476a0000 - 0x00007fff4772f000 	c:\Users\Pcc\AppData\Local\Programs\Trae\resources\app\modules\sandbox\x64\sbox_ipc.dll
0x00007fff97c20000 - 0x00007fff97c51000 	C:\Windows\System32\IMM32.DLL
0x00007fff906a0000 - 0x00007fff908e2000 	C:\Windows\SYSTEM32\dbghelp.dll
0x00007fff96ac0000 - 0x00007fff96e42000 	C:\Windows\System32\combase.dll
0x00007fff97a10000 - 0x00007fff97ae7000 	C:\Windows\System32\OLEAUT32.dll
0x00007fff903e0000 - 0x00007fff903ec000 	C:\Program Files\Eclipse Adoptium\jdk-21.0.8.9-hotspot\bin\vcruntime140_1.dll
0x00007fff752b0000 - 0x00007fff752eb000 	C:\Windows\SYSTEM32\dbgcore.DLL
0x00007fff865b0000 - 0x00007fff8663d000 	C:\Program Files\Eclipse Adoptium\jdk-21.0.8.9-hotspot\bin\msvcp140.dll
0x00007fff48290000 - 0x00007fff49027000 	C:\Program Files\Eclipse Adoptium\jdk-21.0.8.9-hotspot\bin\server\jvm.dll
0x00007fff96e50000 - 0x00007fff96ec4000 	C:\Windows\System32\WS2_32.dll
0x00007fff95180000 - 0x00007fff951de000 	C:\Windows\SYSTEM32\POWRPROF.dll
0x00007fff8e7c0000 - 0x00007fff8e7f5000 	C:\Windows\SYSTEM32\WINMM.dll
0x00007fff8e800000 - 0x00007fff8e80b000 	C:\Windows\SYSTEM32\VERSION.dll
0x00007fff95160000 - 0x00007fff95174000 	C:\Windows\SYSTEM32\UMPDC.dll
0x00007fff94050000 - 0x00007fff9406b000 	C:\Windows\SYSTEM32\kernel.appcore.dll
0x00007fff8be10000 - 0x00007fff8be1a000 	C:\Program Files\Eclipse Adoptium\jdk-21.0.8.9-hotspot\bin\jimage.dll
0x00007fff964e0000 - 0x00007fff96585000 	C:\Windows\System32\bcryptPrimitives.dll
0x00007fff8bd60000 - 0x00007fff8bd7f000 	C:\Program Files\Eclipse Adoptium\jdk-21.0.8.9-hotspot\bin\java.dll

JVMTI agents: none

dbghelp: loaded successfully - version: 4.0.5 - missing functions: none
symbol engine: initialized successfully - sym options: 0x614 - pdb path: .;C:\Program Files\Eclipse Adoptium\jdk-21.0.8.9-hotspot\bin;C:\Windows\SYSTEM32;c:\Users\Pcc\AppData\Local\Programs\Trae\resources\app\modules\sandbox\x64;C:\Windows\WinSxS\amd64_microsoft.windows.common-controls_6595b64144ccf1df_6.0.26100.8037_none_3e092faae333b53b;C:\Program Files\Eclipse Adoptium\jdk-21.0.8.9-hotspot\bin\server

VM Arguments:
jvm_args: --enable-native-access=ALL-UNNAMED 
java_command: <unknown>
java_class_path (initial): <not set>
Launcher Type: SUN_STANDARD

[Global flags]
     intx CICompilerCount                          = 4                                         {product} {ergonomic}
     uint ConcGCThreads                            = 2                                         {product} {ergonomic}
     uint G1ConcRefinementThreads                  = 8                                         {product} {ergonomic}
   size_t G1HeapRegionSize                         = 2097152                                   {product} {ergonomic}
    uintx GCDrainStackTargetSize                   = 64                                        {product} {ergonomic}
   size_t InitialHeapSize                          = 234881024                                 {product} {ergonomic}
   size_t MarkStackSize                            = 4194304                                   {product} {ergonomic}
   size_t MaxHeapSize                              = 3732930560                                {product} {ergonomic}
   size_t MinHeapDeltaBytes                        = 2097152                                   {product} {ergonomic}
   size_t MinHeapSize                              = 8388608                                   {product} {ergonomic}
    uintx NonNMethodCodeHeapSize                   = 5839372                                {pd product} {ergonomic}
    uintx NonProfiledCodeHeapSize                  = 122909434                              {pd product} {ergonomic}
    uintx ProfiledCodeHeapSize                     = 122909434                              {pd product} {ergonomic}
    uintx ReservedCodeCacheSize                    = 251658240                              {pd product} {ergonomic}
     bool SegmentedCodeCache                       = true                                      {product} {ergonomic}
   size_t SoftMaxHeapSize                          = 3732930560                             {manageable} {ergonomic}
     bool UseCompressedOops                        = true                           {product lp64_product} {ergonomic}
     bool UseG1GC                                  = true                                      {product} {ergonomic}
     bool UseLargePagesIndividualAllocation        = false                                  {pd product} {ergonomic}

Logging:
Log output configuration:
 #0: stdout all=warning uptime,level,tags foldmultilines=false
 #1: stderr all=off uptime,level,tags foldmultilines=false

Environment Variables:
JAVA_HOME=C:\Program Files\Eclipse Adoptium\jdk-21.0.8.9-hotspot\
PATH=c:\\Users\\Pcc\\.trae\\tools\\trae-gopls\\current;c:\\Users\\Pcc\\.trae\\sdks\\workspaces\\5ea8c4af\\versions\\node\\current;c:\\Users\\Pcc\\.trae\\sdks\\versions\\node\\current;c:\Users\Pcc\.trae\tools\trae-gopls\current;c:\Users\Pcc\.trae\sdks\workspaces\5ea8c4af\versions\node\current;c:\Users\Pcc\.trae\sdks\versions\node\current;C:\Program Files\Eclipse Adoptium\jdk-21.0.8.9-hotspot\bin;C:\Program Files\Eclipse Adoptium\jdk-11.0.28.6-hotspot\bin;C:\Windows\system32;C:\Windows;C:\Windows\System32\Wbem;C:\Windows\System32\WindowsPowerShell\v1.0\;C:\Windows\System32\OpenSSH\;C:\Program Files\nodejs\;C:\Program Files\Git\cmd;C:\Program Files\Java\jdk-17\bin;C:\Users\Pcc\Downloads\platform-tools-latest-windows (1).zip\platform-tools;C:\Program Files\MongoDB\Server\8.0\bin;C:\Program Files\MongoDB\Server\6.0\bin;C:\Program Files\MongoDB\Server\8.0\bin;C:\Users\Pcc\Downloads\mongosh-2.7.0-win32-x64.zip\mongosh-2.7.0-win32-x64\bin;C:\Users\Pcc\Downloads\mongosh-2.7.0-win32-x64.zip\mongosh-2.7.0-win32-x64\bin;C:\Program Files\Amazon\AWSCLIV2\;C:\Users\Pcc\.console-ninja\.bin;c:\Users\Pcc\AppData\Local\Programs\Trae\bin;C:\Users\Pcc\AppData\Local\Microsoft\WindowsApps;C:\Users\Pcc\AppData\Roaming\npm;C:\Users\Pcc\AppData\Local\Programs\cursor\resources\app\bin;C:\Users\Pcc\AppData\Local\Programs\Microsoft VS Code\bin;C:\Program Files\MongoDB\Server\8.0\bin;C:\Program Files\JetBrains\IntelliJ IDEA 2025.2.3\bin;C:\apache-maven-3.9.11\bin;C:\Program Files\MongoDB\Server\8.0\bin;C:\Users\Pcc\AppData\Local\Programs\Antigravity\bin;C:\Program Files\MongoDB\Server\6.0\bin;C:\Program Files\MongoDB\Server\8.0\bin;C:\Users\Pcc\Downloads\mongosh-2.7.0-win32-x64.zip\mongosh-2.7.0-win32-x64\bin;
USERNAME=Pcc
LANG=en_US.UTF-8
OS=Windows_NT
PROCESSOR_IDENTIFIER=AMD64 Family 23 Model 24 Stepping 1, AuthenticAMD
TMP=C:\Users\Pcc\AppData\Local\Temp
TEMP=C:\Users\Pcc\AppData\Local\Temp




Periodic native trim disabled

---------------  S Y S T E M  ---------------

OS:
 Windows 11 , 64 bit Build 26100 (10.0.26100.7920)
OS uptime: 10 days 14:38 hours
Hyper-V role detected

CPU: total 8 (initial active 8) (8 cores per cpu, 2 threads per core) family 23 model 24 stepping 1 microcode 0x810810e, cx8, cmov, fxsr, ht, mmx, 3dnowpref, sse, sse2, sse3, ssse3, sse4a, sse4.1, sse4.2, popcnt, lzcnt, tsc, tscinvbit, avx, avx2, aes, clmul, bmi1, bmi2, adx, sha, fma, vzeroupper, clflush, clflushopt, hv, rdtscp, f16c
Processor Information for the first 8 processors :
  Max Mhz: 2100, Current Mhz: 2100, Mhz Limit: 2100

Memory: 4k page, system-wide physical 14237M (1319M free)
TotalPageFile size 23104M (AvailPageFile size 177M)
current process WorkingSet (physical memory assigned to process): 13M, peak: 13M
current process commit charge ("private bytes"): 61M, peak: 285M

vm_info: OpenJDK 64-Bit Server VM (21.0.8+9-LTS) for windows-amd64 JRE (21.0.8+9-LTS), built on 2025-07-15T00:00:00Z by "admin" with MS VC++ 17.7 (VS2022)

END.
